<?xml version="1.0" encoding="UTF-8"?>
<testsuite xmlns:xsi="http://www.w3.org/2001/XMLSchema-instance" xsi:noNamespaceSchemaLocation="https://maven.apache.org/surefire/maven-surefire-plugin/xsd/surefire-test-report.xsd" name="TestSuite" time="142.81" tests="24" errors="0" skipped="0" failures="0">
  <properties>
[...]
</properties>
  <testcase name="Given I am on the Home Page" classname="Scenario: verify page elements" time="0.002"/>
  <testcase name="Then I should see the Links to Navigate" classname="Scenario: verify page elements" time="0"/>
  <testcase name="And There should be a Search box" classname="Scenario: verify page elements" time="0"/>
  <testcase name="Scenario: verify page elements" classname="Scenario: verify page elements" time="3.32"/>
  <testcase name="Given I am on the Home Page" classname="| Track your item | Track and Trace |" time="0"/>
  <testcase name="When I click the &quot;Track your item&quot;" classname="| Track your item | Track and Trace |" time="0"/>
  <testcase name="Then I should see the &quot;Track and Trace&quot;" classname="| Track your item | Track and Trace |" time="0"/>
  <testcase name="| Track your item | Track and Trace |" classname="| Track your item | Track and Trace |" time="2.763"/>
  <testcase name="Given I am on the Home Page" classname="| Find a postcode | Postcode Finder |" time="0"/>
  <testcase name="When I click the &quot;Find a postcode&quot;" classname="| Find a postcode | Postcode Finder |" time="0"/>
  <testcase name="Then I should see the &quot;Postcode Finder&quot;" classname="| Find a postcode | Postcode Finder |" time="0"/>
  <testcase name="| Find a postcode | Postcode Finder |" classname="| Find a postcode | Postcode Finder |" time="1.51"/>
  <testcase name="Given I am on the Home Page" classname="| Get a price | Get a price |" time="0"/>
  <testcase name="When I click the &quot;Get a price&quot;" classname="| Get a price | Get a price |" time="0"/>
  <testcase name="Then I should see the &quot;Get a price&quot;" classname="| Get a price | Get a price |" time="0"/>
  <testcase name="| Get a price | Get a price |" classname="| Get a price | Get a price |" time="2.285"/>
  <testcase name="Given I am on the Home Page" classname="| Redelivery | Redelivery |" time="0"/>
  <testcase name="When I click the &quot;Redelivery&quot;" classname="| Redelivery | Redelivery |" time="0"/>
  <testcase name="Then I should see the &quot;Redelivery&quot;" classname="| Redelivery | Redelivery |" time="0"/>
  <testcase name="| Redelivery | Redelivery |" classname="| Redelivery | Redelivery |" time="2.433"/>
  <testcase name="Given I am on the Home Page" classname="| Pay a fee | Pay a fee |" time="0"/>
  <testcase name="When I click the &quot;Pay a fee&quot;" classname="| Pay a fee | Pay a fee |" time="0.001"/>
  <testcase name="Then I should see the &quot;Pay a fee&quot;" classname="| Pay a fee | Pay a fee |" time="0"/>
  <testcase name="| Pay a fee | Pay a fee |" classname="| Pay a fee | Pay a fee |" time="1.828"/>
</testsuite>